<?xml version="1.0" encoding="UTF-8"?>
<testsuite name="com.reprezen.swaggerparser.test.SimpleSerializationTest$NonParameterizedTests" tests="2" skipped="0" failures="0" errors="0" timestamp="2023-03-17T11:43:03" hostname="DESKTOP-3NQTJFE" time="0.004">
  <properties/>
  <testcase name="toJsonNoticesChanges" classname="com.reprezen.swaggerparser.test.SimpleSerializationTest$NonParameterizedTests" time="0.002"/>
  <testcase name="toJsonFollowsRefs" classname="com.reprezen.swaggerparser.test.SimpleSerializationTest$NonParameterizedTests" time="0.002"/>
  <system-out><![CDATA[]]></system-out>
  <system-err><![CDATA[]]></system-err>
</testsuite>
