<?xml version="1.0" encoding="UTF-8"?>
<testsuite name="com.reprezen.swaggerparser.test.BigParseTest" tests="1" skipped="0" failures="0" errors="0" timestamp="2023-03-17T12:54:07" hostname="DESKTOP-3NQTJFE" time="0.167">
  <properties/>
  <testcase name="test[0]" classname="com.reprezen.swaggerparser.test.BigParseTest" time="0.167"/>
  <system-out><![CDATA[]]></system-out>
  <system-err><![CDATA[]]></system-err>
</testsuite>
