<?xml version="1.0" encoding="UTF-8"?>
<testsuite name="com.reprezen.swaggerparser.test.LinksTest" tests="1" skipped="0" failures="0" errors="0" timestamp="2023-03-17T11:43:00" hostname="DESKTOP-3NQTJFE" time="0.01">
  <properties/>
  <testcase name="testLinks" classname="com.reprezen.swaggerparser.test.LinksTest" time="0.01"/>
  <system-out><![CDATA[]]></system-out>
  <system-err><![CDATA[]]></system-err>
</testsuite>
