<?xml version="1.0" encoding="UTF-8"?>
<testsuite name="com.reprezen.swaggerparser.test.Issue131Test" tests="1" skipped="0" failures="0" errors="0" timestamp="2023-03-17T11:43:00" hostname="DESKTOP-3NQTJFE" time="0.005">
  <properties/>
  <testcase name="testSchemaRefs" classname="com.reprezen.swaggerparser.test.Issue131Test" time="0.005"/>
  <system-out><![CDATA[]]></system-out>
  <system-err><![CDATA[]]></system-err>
</testsuite>
